\BOOKMARK [1][-]{section*.3}{\376\377\000C\000h\000a\000p\000t\000e\000r\000\040\0001\000:\000\040\000S\000e\000t\000s\000\040\000a\000n\000d\000\040\000P\000r\000e\000d\000i\000c\000a\000t\000e\000\040\000L\000o\000g\000i\000c}{}% 1
\BOOKMARK [2][-]{section*.4}{\376\377\000Q\0001\000.\0001}{section*.3}% 2
\BOOKMARK [2][-]{section*.5}{\376\377\000Q\0001\000.\0001\000\040\000A\000n\000s\000w\000e\000r}{section*.3}% 3
\BOOKMARK [2][-]{section*.5}{\376\377\000Q\0001\000.\0002}{section*.3}% 4
\BOOKMARK [2][-]{section*.7}{\376\377\000Q\0001\000.\0002\000\040\000A\000n\000s\000w\000e\000r}{section*.3}% 5
\BOOKMARK [2][-]{section*.8}{\376\377\000Q\0001\000.\0003}{section*.3}% 6
\BOOKMARK [2][-]{section*.9}{\376\377\000Q\0001\000.\0003\000\040\000A\000n\000s\000w\000e\000r}{section*.3}% 7
\BOOKMARK [2][-]{section*.10}{\376\377\000Q\0001\000.\0004}{section*.3}% 8
\BOOKMARK [2][-]{section*.11}{\376\377\000Q\0001\000.\0004\000\040\000A\000n\000s\000w\000e\000r}{section*.3}% 9
\BOOKMARK [2][-]{section*.12}{\376\377\000Q\0001\000.\0005}{section*.3}% 10
\BOOKMARK [2][-]{section*.13}{\376\377\000Q\0001\000.\0005\000\040\000A\000n\000s\000w\000e\000r}{section*.3}% 11
\BOOKMARK [2][-]{section*.14}{\376\377\000A\000d\000d\000i\000t\000i\000o\000n\000a\000l\000\040\000R\000e\000s\000o\000u\000r\000c\000e\000s}{section*.3}% 12
\BOOKMARK [1][-]{section*.15}{\376\377\000C\000h\000a\000p\000t\000e\000r\000\040\0002\000:\000\040\000Q\000u\000a\000n\000t\000i\000f\000i\000e\000r\000s\000\040\000a\000n\000d\000\040\000R\000e\000l\000a\000t\000i\000o\000n\000s}{}% 13
\BOOKMARK [2][-]{section*.16}{\376\377\000Q\0002\000.\0001}{section*.15}% 14
\BOOKMARK [2][-]{section*.17}{\376\377\000Q\0002\000.\0001\000\040\000A\000n\000s\000w\000e\000r}{section*.15}% 15
\BOOKMARK [2][-]{section*.18}{\376\377\000Q\0002\000.\0002}{section*.15}% 16
\BOOKMARK [2][-]{section*.19}{\376\377\000Q\0002\000.\0002\000\040\000A\000n\000s\000w\000e\000r}{section*.15}% 17
\BOOKMARK [2][-]{section*.20}{\376\377\000Q\0002\000.\0003}{section*.15}% 18
\BOOKMARK [2][-]{section*.21}{\376\377\000Q\0002\000.\0003\000\040\000A\000n\000s\000w\000e\000r}{section*.15}% 19
\BOOKMARK [2][-]{section*.22}{\376\377\000Q\0002\000.\0004}{section*.15}% 20
\BOOKMARK [2][-]{section*.23}{\376\377\000Q\0002\000.\0004\000\040\000A\000n\000s\000w\000e\000r}{section*.15}% 21
\BOOKMARK [2][-]{section*.24}{\376\377\000Q\0002\000.\0005}{section*.15}% 22
\BOOKMARK [2][-]{section*.25}{\376\377\000Q\0002\000.\0005\000\040\000A\000n\000s\000w\000e\000r}{section*.15}% 23
\BOOKMARK [2][-]{section*.26}{\376\377\000A\000d\000d\000i\000t\000i\000o\000n\000a\000l\000\040\000R\000e\000s\000o\000u\000r\000c\000e\000s}{section*.15}% 24
\BOOKMARK [1][-]{section*.27}{\376\377\000C\000h\000a\000p\000t\000e\000r\000\040\0003\000:\000\040\000N\000u\000m\000b\000e\000r\000\040\000T\000h\000e\000o\000r\000y}{}% 25
\BOOKMARK [2][-]{section*.28}{\376\377\000Q\0003\000.\0001}{section*.27}% 26
\BOOKMARK [2][-]{section*.29}{\376\377\000Q\0003\000.\0001\000\040\000A\000n\000s\000w\000e\000r}{section*.27}% 27
\BOOKMARK [2][-]{section*.30}{\376\377\000Q\0003\000.\0002}{section*.27}% 28
\BOOKMARK [2][-]{section*.31}{\376\377\000Q\0003\000.\0002\000\040\000A\000n\000s\000w\000e\000r}{section*.27}% 29
\BOOKMARK [2][-]{section*.32}{\376\377\000Q\0003\000.\0003}{section*.27}% 30
\BOOKMARK [2][-]{section*.33}{\376\377\000Q\0003\000.\0003\000\040\000A\000n\000s\000w\000e\000r}{section*.27}% 31
\BOOKMARK [2][-]{section*.34}{\376\377\000A\000d\000d\000i\000t\000i\000o\000n\000a\000l\000\040\000R\000e\000s\000o\000u\000r\000c\000e\000s}{section*.27}% 32
\BOOKMARK [1][-]{section*.35}{\376\377\000C\000h\000a\000p\000t\000e\000r\000\040\0004\000:\000\040\000I\000n\000d\000u\000c\000t\000i\000o\000n\000\040\000a\000n\000d\000\040\000R\000e\000c\000u\000r\000s\000i\000o\000n}{}% 33
\BOOKMARK [2][-]{section*.36}{\376\377\000Q\0004\000.\0001}{section*.35}% 34
\BOOKMARK [2][-]{section*.37}{\376\377\000Q\0004\000.\0001\000\040\000A\000n\000s\000w\000e\000r}{section*.35}% 35
\BOOKMARK [2][-]{section*.38}{\376\377\000Q\0004\000.\0002}{section*.35}% 36
\BOOKMARK [2][-]{section*.39}{\376\377\000Q\0004\000.\0002\000\040\000A\000n\000s\000w\000e\000r}{section*.35}% 37
\BOOKMARK [2][-]{section*.40}{\376\377\000Q\0004\000.\0003}{section*.35}% 38
\BOOKMARK [2][-]{section*.41}{\376\377\000Q\0004\000.\0003\000\040\000A\000n\000s\000w\000e\000r}{section*.35}% 39
\BOOKMARK [2][-]{section*.42}{\376\377\000Q\0004\000.\0004}{section*.35}% 40
\BOOKMARK [2][-]{section*.43}{\376\377\000Q\0004\000.\0004\000\040\000A\000n\000s\000w\000e\000r}{section*.35}% 41
\BOOKMARK [2][-]{section*.44}{\376\377\000A\000d\000d\000i\000t\000i\000o\000n\000a\000l\000\040\000R\000e\000s\000o\000u\000r\000c\000e\000s}{section*.35}% 42
\BOOKMARK [1][-]{section*.45}{\376\377\000C\000h\000a\000p\000t\000e\000r\000\040\0009\000:\000\040\000G\000r\000a\000p\000h\000s\000\040\000a\000n\000d\000\040\000T\000r\000e\000e\000s}{}% 43
\BOOKMARK [2][-]{section*.46}{\376\377\000Q\0009\000.\0001}{section*.45}% 44
\BOOKMARK [2][-]{section*.47}{\376\377\000Q\0009\000.\0001\000\040\000A\000n\000s\000w\000e\000r}{section*.45}% 45
\BOOKMARK [2][-]{section*.48}{\376\377\000Q\0009\000.\0002}{section*.45}% 46
\BOOKMARK [2][-]{section*.49}{\376\377\000Q\0009\000.\0002\000\040\000A\000n\000s\000w\000e\000r}{section*.45}% 47
\BOOKMARK [2][-]{section*.50}{\376\377\000Q\0009\000.\0003}{section*.45}% 48
\BOOKMARK [2][-]{section*.51}{\376\377\000Q\0009\000.\0003\000\040\000A\000n\000s\000w\000e\000r}{section*.45}% 49
\BOOKMARK [2][-]{section*.52}{\376\377\000Q\0009\000.\0004}{section*.45}% 50
\BOOKMARK [2][-]{section*.53}{\376\377\000Q\0009\000.\0004\000\040\000A\000n\000s\000w\000e\000r}{section*.45}% 51
\BOOKMARK [2][-]{section*.54}{\376\377\000A\000d\000d\000i\000t\000i\000o\000n\000a\000l\000\040\000R\000e\000s\000o\000u\000r\000c\000e\000s}{section*.45}% 52
\BOOKMARK [1][-]{section*.55}{\376\377\000C\000h\000a\000p\000t\000e\000r\000\040\0005\000:\000\040\000R\000e\000g\000u\000l\000a\000r\000\040\000E\000x\000p\000r\000e\000s\000s\000i\000o\000n\000s}{}% 53
\BOOKMARK [2][-]{section*.56}{\376\377\000Q\0005\000.\0001}{section*.55}% 54
\BOOKMARK [2][-]{section*.57}{\376\377\000Q\0005\000.\0001\000\040\000A\000n\000s\000w\000e\000r}{section*.55}% 55
\BOOKMARK [2][-]{section*.58}{\376\377\000Q\0005\000.\0002}{section*.55}% 56
\BOOKMARK [2][-]{section*.59}{\376\377\000Q\0005\000.\0002\000\040\000A\000n\000s\000w\000e\000r}{section*.55}% 57
\BOOKMARK [2][-]{section*.60}{\376\377\000A\000d\000d\000i\000t\000i\000o\000n\000a\000l\000\040\000R\000e\000s\000o\000u\000r\000c\000e\000s}{section*.55}% 58
\BOOKMARK [1][-]{section*.61}{\376\377\000C\000h\000a\000p\000t\000e\000r\000\040\0001\0004\000:\000\040\000F\000i\000n\000i\000t\000e\000\040\000A\000u\000t\000o\000m\000a\000t\000a}{}% 59
\BOOKMARK [2][-]{section*.62}{\376\377\000Q\0001\0004\000.\0001}{section*.61}% 60
\BOOKMARK [2][-]{section*.63}{\376\377\000Q\0001\0004\000.\0001\000\040\000A\000n\000s\000w\000e\000r}{section*.61}% 61
\BOOKMARK [2][-]{section*.64}{\376\377\000Q\0001\0004\000.\0002}{section*.61}% 62
\BOOKMARK [2][-]{section*.65}{\376\377\000Q\0001\0004\000.\0002\000\040\000A\000n\000s\000w\000e\000r}{section*.61}% 63
\BOOKMARK [2][-]{section*.66}{\376\377\000Q\0001\0004\000.\0003}{section*.61}% 64
\BOOKMARK [2][-]{section*.67}{\376\377\000Q\0001\0004\000.\0003\000\040\000A\000n\000s\000w\000e\000r}{section*.61}% 65
\BOOKMARK [2][-]{section*.68}{\376\377\000Q\0001\0004\000.\0004}{section*.61}% 66
\BOOKMARK [2][-]{section*.69}{\376\377\000Q\0001\0004\000.\0004\000\040\000A\000n\000s\000w\000e\000r}{section*.61}% 67
\BOOKMARK [2][-]{section*.70}{\376\377\000Q\0001\0004\000.\0005}{section*.61}% 68
\BOOKMARK [2][-]{section*.71}{\376\377\000Q\0001\0004\000.\0005\000\040\000A\000n\000s\000w\000e\000r}{section*.61}% 69
\BOOKMARK [2][-]{section*.72}{\376\377\000Q\0001\0004\000.\0006}{section*.61}% 70
\BOOKMARK [2][-]{section*.73}{\376\377\000Q\0001\0004\000.\0006\000\040\000A\000n\000s\000w\000e\000r}{section*.61}% 71
\BOOKMARK [2][-]{section*.74}{\376\377\000A\000d\000d\000i\000t\000i\000o\000n\000a\000l\000\040\000R\000e\000s\000o\000u\000r\000c\000e\000s}{section*.61}% 72
\BOOKMARK [1][-]{section*.75}{\376\377\000C\000h\000a\000p\000t\000e\000r\000\040\0001\0005\000:\000\040\000F\000o\000r\000m\000a\000l\000\040\000L\000a\000n\000g\000u\000a\000g\000e\000\040\000T\000h\000e\000o\000r\000y}{}% 73
\BOOKMARK [2][-]{section*.76}{\376\377\000Q\0001\0005\000.\0001}{section*.75}% 74
\BOOKMARK [2][-]{section*.77}{\376\377\000Q\0001\0005\000.\0001\000\040\000A\000n\000s\000w\000e\000r}{section*.75}% 75
\BOOKMARK [2][-]{section*.78}{\376\377\000A\000d\000d\000i\000t\000i\000o\000n\000a\000l\000\040\000R\000e\000s\000o\000u\000r\000c\000e\000s}{section*.75}% 76
